 (cice:SetServices)
 init done CICE
 (ocn:SetServices)
 init done HYCOM
 (hycom_cap:HYCOM_FieldsSetup)
 (hycom_cap:fld_list_add)
 (hycom_cap:fld_list_add)
 (hycom_cap:fld_list_add)
 (hycom_cap:fld_list_add)
 (hycom_cap:fld_list_add)
 (hycom_cap:fld_list_add)
 (hycom_cap:fld_list_add)
 (hycom_cap:fld_list_add)
 (hycom_cap:fld_list_add)
 (hycom_cap:fld_list_add)
 (hycom_cap:fld_list_add)
 (hycom_cap:fld_list_add)
 (hycom_cap:fld_list_add)
 (hycom_cap:fld_list_add)
 (hycom_cap:fld_list_add)
 (hycom_cap:fld_list_add)
 (hycom_cap:fld_list_add)
 (hycom_cap:fld_list_add)
 (hycom_cap:fld_list_add)
 (hycom_cap:fld_list_add)
 field
 sea_ice_fraction                                                
 (cice_cap:InitializeAdvertise)
 (cice_cap:CICE_FieldsSetup)
    (icepack_warnings_setabort) F :file icepack_intfc.F90 :line          111
 Reading setup_nml
 Reading grid_nml
 Reading tracer_nml
 Reading thermo_nml
 Reading dynamics_nml
 Reading shortwave_nml
 Reading ponds_nml
 Reading forcing_nml
 --------------------------------
    (input_data)
   CICE model diagnostic output  
 --------------------------------
  
  Document ice_in namelist parameters:
  ==================================== 
  
  runtype                   =  initial
  days_per_year             =      365
  use_leap_years            =        T
  year_init                 =     1901
  istep0                    =        0
  dt                        =      360.00
  npt                       =       10
  diagfreq                  =       12
  print_global              =        T
  print_points              =        T
  bfbflag                   =        F
  numin                     =       21
  numax                     =       89
  histfreq                  =        h     d     x     x     x
  histfreq_n                =        1     1     1     1     1
  hist_avg                  =        F
 History data will be snapshots
  history_dir               = ./history/
  history_file              = iceh
 Initial condition will be written in ./history/
  dumpfreq                  =        d
  dumpfreq_n                =        1
  dump_last                 =        T
  restart                   =        T
  restart_dir               = ./restart/
  restart_ext               =  F
  restart_format            = nc
  lcdf64                    =  F
  restart_file              = iced
  pointer_file              = ./ice.restart_file
  use_restart_time          =  T
  ice_ic                    = ./restart/iced.2017-03-15-00000.nc
  grid_type                 = regional
  grid_file                 = 
 /lustre/research/tar/CICE_v6/NAAF/basedir/grid/grid_kmt.nc
  gridcpl_file              = unknown_gridcpl_file
  bathymetry_file           = 
 /lustre/research/tar/CICE_v6/NAAF/basedir/grid/grid_kmt.nc
  use_bathymetry            =  T
  kmt_file                  = 
 /lustre/research/tar/CICE_v6/NAAF/basedir/grid/grid_kmt.nc
  kitd                      =        1
  kcatbound                 =        0
  close_boundaries          =        F
  kdyn                      =       evp      1
  ndtd                      =        1
  ndte                      =     1200
  revised_evp               =        F
  evp_kernel_ver            =        0
  brlx                      =     300.000000
  arlx                      =     300.000000
  yield_curve               = ellipse
  kstrength                 =        1
  coriolis                  = latitude
  kridge                    =        1
  ktransport                =        1
  krdg_partic               =        1
  krdg_redist               =        1
  mu_rdg                    =        3.00
  Cf                        =       17.00
  basalstress               =        F
  k1                        =       8.000000
  Ktens                     =       0.000000
  e_ratio                   =       2.000000
  advection                 =    remap
  shortwave                 =     dEdd
  BGC coupling is switched OFF
  R_ice                     =        0.00
  R_pnd                     =        0.00
  R_snw                     =        1.50
  dT_mlt                    =        1.50
  rsnw_mlt                  =     1500.00
  kalg                      =        0.60
  hp1                       =        0.01
  hs0                       =        0.00
  rfracmin                  =        0.15
  rfracmax                  =        1.00
  ktherm                    =        2
  a_rapid_mode              =       0.000500
  Rac_rapid_mode            =      10.000000
  aspect_rapid_mode         =       1.000000
  dSdt_slow_mode            =      -0.000000
  phi_c_slow_mode           =       0.050000
  phi_i_mushy               =       0.850000
  atmbndy                   =  default
  formdrag                  =        F
  highfreq                  =        F
  natmiter                  =        5
  calc_strair               =        T
  calc_Tsfc                 =        T
  fyear_init                =     1997
  ycycle                    =        1
  atm_data_type             = hycom
  atm_data_dir              = /lustre/research/tar/CICE_v6/NAAF/basedir/atm/
  precip_units              = m_per_sec
  update_ocn_f              =        F
  l_mpond_fresh             =        F
  ustar_min                 =       0.000500
  emissivity                =       0.950000
  fbot_xfer_type            = constant
  oceanmixed_ice            =        T
  tfrz_option               = mushy
  bgc_data_type             = default
  fe_data_type              = default
  ice_data_type             = default
  bgc_data_dir              = unknown_bgc_data_dir
  ocn_data_type             = hycom
  ocn_data_dir              = /lustre/research/tar/CICE_v6/NAAF/basedir/ocean/
  restore_ocn               =        F
  restore_ice               =        F
  
Diagnostic point 1: lat, lon =   90.00    0.00
Diagnostic point 2: lat, lon =  -65.00  -45.00
  tr_iage                   =        F
  restart_age               =        F
  tr_FY                     =        F
  restart_FY                =        F
  tr_lvl                    =        F
  restart_lvl               =        F
  tr_pond_cesm              =        F
  restart_pond_cesm         =        F
  tr_pond_lvl               =        F
  restart_pond_lvl          =        F
  tr_pond_topo              =        F
  restart_pond_topo         =        F
  tr_aero                   =        F
  restart_aero              =        F
  ncat                      =        5
  nilyr                     =        4
  nslyr                     =        1
  nblyr                     =        5
  n_aero                    =        1
  n_zaero                   =        0
  n_algae                   =        0
  n_doc                     =        0
  n_dic                     =        0
  n_don                     =        0
  n_fed                     =        0
  n_fep                     =        0
 Reading zbgc_nml
  tr_brine                  =        F
  solve_zsal                =        F
  skl_bgc                   =        F
  restart_bgc               =        F
  tr_bgc_N                  =        F
  tr_bgc_C                  =        F
  tr_bgc_chl                =        F
  tr_bgc_Nit                =        F
  tr_bgc_Am                 =        F
  tr_bgc_Sil                =        F
  tr_bgc_hum                =        F
  tr_bgc_DMS                =        F
  tr_bgc_PON                =        F
  tr_bgc_DON                =        F
  tr_bgc_Fe                 =        F
  n_aero                    =        1
  n_zaero                   =        0
  n_algae                   =        0
  n_doc                     =        0
  n_dic                     =        0
  n_don                     =        0
  n_fed                     =        0
  n_fep                     =        0
  
  ntrcr                     =       11
  nbtrcr                    =        0
  nbtrcr_sw                 =        0
  
  nt_sice                   =        7
  nt_qice                   =        2
  nt_qsno                   =        6
  

(ice_domain): max_block < 1: max_block estimated to      1


Domain Information

  Horizontal domain: nx =   1228
                     ny =   1213
  No. of categories: nc =      5
  No. of ice layers: ni =      4
  No. of snow layers:ns =      1
  Processors:  total    =      1
  Processor shape       = slenderX2
  Distribution type     = cartesian
  Distribution weight   = block
  Distribution wght file= unknown
  ew_boundary_type      = open
  ns_boundary_type      = open
  maskhalo_dyn          =      F
  maskhalo_remap        =      F
  maskhalo_bound        =      F
  block_size_x,_y       =   1228  1214
  max_blocks            =      1
  Number of ghost cells =      1

Application 20196378 exit codes: 134
Application 20196378 resources: utime ~0s, stime ~0s, Rss ~18984, inblocks ~0, outblocks ~0
